<?xml version="1.0" encoding="UTF-8"?>
<!-- Generated by org.testng.reporters.JUnitReportReporter -->
<testsuite hostname="DESKTOP-8RL1USP" failures="0" tests="1" name="com.rsa.qa.testCases.CoursesPageTest" time="27.050" errors="0" timestamp="2021-07-22T02:03:56 EDT" skipped="0">
  <testcase classname="com.rsa.qa.testCases.CoursesPageTest" name="verify_courses_on_clicking_AdminUser" time="27.050"/>
</testsuite> <!-- com.rsa.qa.testCases.CoursesPageTest -->
