<?xml version="1.0" encoding="UTF-8"?>
<!-- Generated by org.testng.reporters.JUnitReportReporter -->
<testsuite hostname="IND04-L-6YTV5P2" failures="0" tests="3" name="com.mmt.qa.testCases.FlightsPageTest" time="105.479" errors="0" timestamp="2021-05-25T18:39:46 IST" skipped="0">
  <testcase classname="com.mmt.qa.testCases.FlightsPageTest" name="click_btn_login_test" time="37.861"/>
  <testcase classname="com.mmt.qa.testCases.FlightsPageTest" name="verify_flights_title_test" time="38.197"/>
  <testcase classname="com.mmt.qa.testCases.FlightsPageTest" name="from_City_selection_test" time="29.421"/>
</testsuite> <!-- com.mmt.qa.testCases.FlightsPageTest -->
